[GIN-debug] GET    /                         --> main.init.0.func1 (1 handlers)
[GIN-debug] Loaded HTML Templates (6): 
	- 404.html
	- gin.log
	- go.mod
	- go.sum
	- main.go
	- 

[GIN-debug] GET    /404                      --> main.PageNotFindDemo.func1 (1 handlers)
[GIN-debug] POST   /404                      --> main.PageNotFindDemo.func1 (1 handlers)
[GIN-debug] PUT    /404                      --> main.PageNotFindDemo.func1 (1 handlers)
[GIN-debug] PATCH  /404                      --> main.PageNotFindDemo.func1 (1 handlers)
[GIN-debug] HEAD   /404                      --> main.PageNotFindDemo.func1 (1 handlers)
[GIN-debug] OPTIONS /404                      --> main.PageNotFindDemo.func1 (1 handlers)
[GIN-debug] DELETE /404                      --> main.PageNotFindDemo.func1 (1 handlers)
[GIN-debug] CONNECT /404                      --> main.PageNotFindDemo.func1 (1 handlers)
[GIN-debug] TRACE  /404                      --> main.PageNotFindDemo.func1 (1 handlers)
[GIN-debug] GET    /user/:name/*action       --> main.ApiParameter.func1 (1 handlers)
[GIN-debug] GET    /welcome                  --> main.UrlParameter.func1 (1 handlers)
[GIN-debug] POST   /student                  --> main.FormParameter.func1 (1 handlers)
[GIN-debug] GET    /redirect                 --> main.RedirectDemo.func1 (1 handlers)
[GIN-debug] POST   /redirect                 --> main.RedirectDemo.func1 (1 handlers)
[GIN-debug] PUT    /redirect                 --> main.RedirectDemo.func1 (1 handlers)
[GIN-debug] PATCH  /redirect                 --> main.RedirectDemo.func1 (1 handlers)
[GIN-debug] HEAD   /redirect                 --> main.RedirectDemo.func1 (1 handlers)
[GIN-debug] OPTIONS /redirect                 --> main.RedirectDemo.func1 (1 handlers)
[GIN-debug] DELETE /redirect                 --> main.RedirectDemo.func1 (1 handlers)
[GIN-debug] CONNECT /redirect                 --> main.RedirectDemo.func1 (1 handlers)
[GIN-debug] TRACE  /redirect                 --> main.RedirectDemo.func1 (1 handlers)
[GIN-debug] POST   /studentInfoJson          --> main.ParseJsonDemo.func1 (1 handlers)
[GIN-debug] POST   /upload                   --> main.UploadDemo (1 handlers)
[GIN-debug] POST   /upload/multiple          --> main.UploadMultipleDemo (1 handlers)
[GIN-debug] Listening and serving HTTP on localhost:8000
[GIN-debug] GET    /                         --> main.init.0.func1 (1 handlers)
[GIN-debug] Loaded HTML Templates (6): 
	- 
	- 404.html
	- gin.log
	- go.mod
	- go.sum
	- main.go

[GIN-debug] GET    /404                      --> main.PageNotFindDemo.func1 (1 handlers)
[GIN-debug] POST   /404                      --> main.PageNotFindDemo.func1 (1 handlers)
[GIN-debug] PUT    /404                      --> main.PageNotFindDemo.func1 (1 handlers)
[GIN-debug] PATCH  /404                      --> main.PageNotFindDemo.func1 (1 handlers)
[GIN-debug] HEAD   /404                      --> main.PageNotFindDemo.func1 (1 handlers)
[GIN-debug] OPTIONS /404                      --> main.PageNotFindDemo.func1 (1 handlers)
[GIN-debug] DELETE /404                      --> main.PageNotFindDemo.func1 (1 handlers)
[GIN-debug] CONNECT /404                      --> main.PageNotFindDemo.func1 (1 handlers)
[GIN-debug] TRACE  /404                      --> main.PageNotFindDemo.func1 (1 handlers)
[GIN-debug] GET    /user/:name/*action       --> main.ApiParameter.func1 (1 handlers)
[GIN-debug] GET    /welcome                  --> main.UrlParameter.func1 (1 handlers)
[GIN-debug] POST   /student                  --> main.FormParameter.func1 (1 handlers)
[GIN-debug] GET    /redirect                 --> main.RedirectDemo.func1 (1 handlers)
[GIN-debug] POST   /redirect                 --> main.RedirectDemo.func1 (1 handlers)
[GIN-debug] PUT    /redirect                 --> main.RedirectDemo.func1 (1 handlers)
[GIN-debug] PATCH  /redirect                 --> main.RedirectDemo.func1 (1 handlers)
[GIN-debug] HEAD   /redirect                 --> main.RedirectDemo.func1 (1 handlers)
[GIN-debug] OPTIONS /redirect                 --> main.RedirectDemo.func1 (1 handlers)
[GIN-debug] DELETE /redirect                 --> main.RedirectDemo.func1 (1 handlers)
[GIN-debug] CONNECT /redirect                 --> main.RedirectDemo.func1 (1 handlers)
[GIN-debug] TRACE  /redirect                 --> main.RedirectDemo.func1 (1 handlers)
[GIN-debug] POST   /studentInfoJson          --> main.ParseJsonDemo.func1 (1 handlers)
[GIN-debug] POST   /upload                   --> main.UploadDemo (1 handlers)
[GIN-debug] POST   /upload/multiple          --> main.UploadMultipleDemo (1 handlers)
[GIN-debug] Listening and serving HTTP on localhost:8000
[GIN-debug] GET    /                         --> main.init.0.func1 (1 handlers)
[GIN-debug] Loaded HTML Templates (6): 
	- 
	- 404.html
	- gin.log
	- go.mod
	- go.sum
	- main.go

[GIN-debug] GET    /404                      --> main.PageNotFindDemo.func1 (1 handlers)
[GIN-debug] POST   /404                      --> main.PageNotFindDemo.func1 (1 handlers)
[GIN-debug] PUT    /404                      --> main.PageNotFindDemo.func1 (1 handlers)
[GIN-debug] PATCH  /404                      --> main.PageNotFindDemo.func1 (1 handlers)
[GIN-debug] HEAD   /404                      --> main.PageNotFindDemo.func1 (1 handlers)
[GIN-debug] OPTIONS /404                      --> main.PageNotFindDemo.func1 (1 handlers)
[GIN-debug] DELETE /404                      --> main.PageNotFindDemo.func1 (1 handlers)
[GIN-debug] CONNECT /404                      --> main.PageNotFindDemo.func1 (1 handlers)
[GIN-debug] TRACE  /404                      --> main.PageNotFindDemo.func1 (1 handlers)
[GIN-debug] GET    /user/:name/*action       --> main.ApiParameter.func1 (1 handlers)
[GIN-debug] GET    /welcome                  --> main.UrlParameter.func1 (1 handlers)
[GIN-debug] POST   /student                  --> main.FormParameter.func1 (1 handlers)
[GIN-debug] GET    /redirect                 --> main.RedirectDemo.func1 (1 handlers)
[GIN-debug] POST   /redirect                 --> main.RedirectDemo.func1 (1 handlers)
[GIN-debug] PUT    /redirect                 --> main.RedirectDemo.func1 (1 handlers)
[GIN-debug] PATCH  /redirect                 --> main.RedirectDemo.func1 (1 handlers)
[GIN-debug] HEAD   /redirect                 --> main.RedirectDemo.func1 (1 handlers)
[GIN-debug] OPTIONS /redirect                 --> main.RedirectDemo.func1 (1 handlers)
[GIN-debug] DELETE /redirect                 --> main.RedirectDemo.func1 (1 handlers)
[GIN-debug] CONNECT /redirect                 --> main.RedirectDemo.func1 (1 handlers)
[GIN-debug] TRACE  /redirect                 --> main.RedirectDemo.func1 (1 handlers)
[GIN-debug] POST   /studentInfoJson          --> main.ParseJsonDemo.func1 (1 handlers)
[GIN-debug] POST   /upload                   --> main.UploadDemo (1 handlers)
[GIN-debug] POST   /upload/multiple          --> main.UploadMultipleDemo (1 handlers)
[GIN-debug] Listening and serving HTTP on localhost:8000
[GIN-debug] GET    /                         --> main.init.0.func1 (3 handlers)
[GIN-debug] Loaded HTML Templates (6): 
	- 
	- 404.html
	- gin.log
	- go.mod
	- go.sum
	- main.go

[GIN-debug] GET    /404                      --> main.PageNotFindDemo.func1 (3 handlers)
[GIN-debug] POST   /404                      --> main.PageNotFindDemo.func1 (3 handlers)
[GIN-debug] PUT    /404                      --> main.PageNotFindDemo.func1 (3 handlers)
[GIN-debug] PATCH  /404                      --> main.PageNotFindDemo.func1 (3 handlers)
[GIN-debug] HEAD   /404                      --> main.PageNotFindDemo.func1 (3 handlers)
[GIN-debug] OPTIONS /404                      --> main.PageNotFindDemo.func1 (3 handlers)
[GIN-debug] DELETE /404                      --> main.PageNotFindDemo.func1 (3 handlers)
[GIN-debug] CONNECT /404                      --> main.PageNotFindDemo.func1 (3 handlers)
[GIN-debug] TRACE  /404                      --> main.PageNotFindDemo.func1 (3 handlers)
[GIN-debug] GET    /user/:name/*action       --> main.ApiParameter.func1 (3 handlers)
[GIN-debug] GET    /welcome                  --> main.UrlParameter.func1 (3 handlers)
[GIN-debug] POST   /student                  --> main.FormParameter.func1 (3 handlers)
[GIN-debug] GET    /redirect                 --> main.RedirectDemo.func1 (3 handlers)
[GIN-debug] POST   /redirect                 --> main.RedirectDemo.func1 (3 handlers)
[GIN-debug] PUT    /redirect                 --> main.RedirectDemo.func1 (3 handlers)
[GIN-debug] PATCH  /redirect                 --> main.RedirectDemo.func1 (3 handlers)
[GIN-debug] HEAD   /redirect                 --> main.RedirectDemo.func1 (3 handlers)
[GIN-debug] OPTIONS /redirect                 --> main.RedirectDemo.func1 (3 handlers)
[GIN-debug] DELETE /redirect                 --> main.RedirectDemo.func1 (3 handlers)
[GIN-debug] CONNECT /redirect                 --> main.RedirectDemo.func1 (3 handlers)
[GIN-debug] TRACE  /redirect                 --> main.RedirectDemo.func1 (3 handlers)
[GIN-debug] POST   /studentInfoJson          --> main.ParseJsonDemo.func1 (3 handlers)
[GIN-debug] POST   /upload                   --> main.UploadDemo (3 handlers)
[GIN-debug] POST   /upload/multiple          --> main.UploadMultipleDemo (3 handlers)
[GIN-debug] Listening and serving HTTP on localhost:8000
[GIN-debug] GET    /                         --> main.init.0.func1 (3 handlers)
[GIN-debug] Loaded HTML Templates (6): 
	- main.go
	- 
	- 404.html
	- gin.log
	- go.mod
	- go.sum

[GIN-debug] GET    /404                      --> main.PageNotFindDemo.func1 (3 handlers)
[GIN-debug] POST   /404                      --> main.PageNotFindDemo.func1 (3 handlers)
[GIN-debug] PUT    /404                      --> main.PageNotFindDemo.func1 (3 handlers)
[GIN-debug] PATCH  /404                      --> main.PageNotFindDemo.func1 (3 handlers)
[GIN-debug] HEAD   /404                      --> main.PageNotFindDemo.func1 (3 handlers)
[GIN-debug] OPTIONS /404                      --> main.PageNotFindDemo.func1 (3 handlers)
[GIN-debug] DELETE /404                      --> main.PageNotFindDemo.func1 (3 handlers)
[GIN-debug] CONNECT /404                      --> main.PageNotFindDemo.func1 (3 handlers)
[GIN-debug] TRACE  /404                      --> main.PageNotFindDemo.func1 (3 handlers)
[GIN-debug] GET    /user/:name/*action       --> main.ApiParameter.func1 (3 handlers)
[GIN-debug] GET    /welcome                  --> main.UrlParameter.func1 (3 handlers)
[GIN-debug] POST   /student                  --> main.FormParameter.func1 (3 handlers)
[GIN-debug] GET    /redirect                 --> main.RedirectDemo.func1 (3 handlers)
[GIN-debug] POST   /redirect                 --> main.RedirectDemo.func1 (3 handlers)
[GIN-debug] PUT    /redirect                 --> main.RedirectDemo.func1 (3 handlers)
[GIN-debug] PATCH  /redirect                 --> main.RedirectDemo.func1 (3 handlers)
[GIN-debug] HEAD   /redirect                 --> main.RedirectDemo.func1 (3 handlers)
[GIN-debug] OPTIONS /redirect                 --> main.RedirectDemo.func1 (3 handlers)
[GIN-debug] DELETE /redirect                 --> main.RedirectDemo.func1 (3 handlers)
[GIN-debug] CONNECT /redirect                 --> main.RedirectDemo.func1 (3 handlers)
[GIN-debug] TRACE  /redirect                 --> main.RedirectDemo.func1 (3 handlers)
[GIN-debug] POST   /studentInfoJson          --> main.ParseJsonDemo.func1 (3 handlers)
[GIN-debug] POST   /upload                   --> main.UploadDemo (3 handlers)
[GIN-debug] POST   /upload/multiple          --> main.UploadMultipleDemo (3 handlers)
[GIN-debug] Listening and serving HTTP on localhost:8000
[GIN-debug] GET    /                         --> main.init.0.func1 (3 handlers)
[GIN-debug] Loaded HTML Templates (6): 
	- go.sum
	- main.go
	- 
	- 404.html
	- gin.log
	- go.mod

[GIN-debug] GET    /404                      --> main.PageNotFindDemo.func1 (3 handlers)
[GIN-debug] POST   /404                      --> main.PageNotFindDemo.func1 (3 handlers)
[GIN-debug] PUT    /404                      --> main.PageNotFindDemo.func1 (3 handlers)
[GIN-debug] PATCH  /404                      --> main.PageNotFindDemo.func1 (3 handlers)
[GIN-debug] HEAD   /404                      --> main.PageNotFindDemo.func1 (3 handlers)
[GIN-debug] OPTIONS /404                      --> main.PageNotFindDemo.func1 (3 handlers)
[GIN-debug] DELETE /404                      --> main.PageNotFindDemo.func1 (3 handlers)
[GIN-debug] CONNECT /404                      --> main.PageNotFindDemo.func1 (3 handlers)
[GIN-debug] TRACE  /404                      --> main.PageNotFindDemo.func1 (3 handlers)
[GIN-debug] GET    /user/:name/*action       --> main.ApiParameter.func1 (3 handlers)
[GIN-debug] GET    /welcome                  --> main.UrlParameter.func1 (3 handlers)
[GIN-debug] POST   /student                  --> main.FormParameter.func1 (3 handlers)
[GIN-debug] GET    /redirect                 --> main.RedirectDemo.func1 (3 handlers)
[GIN-debug] POST   /redirect                 --> main.RedirectDemo.func1 (3 handlers)
[GIN-debug] PUT    /redirect                 --> main.RedirectDemo.func1 (3 handlers)
[GIN-debug] PATCH  /redirect                 --> main.RedirectDemo.func1 (3 handlers)
[GIN-debug] HEAD   /redirect                 --> main.RedirectDemo.func1 (3 handlers)
[GIN-debug] OPTIONS /redirect                 --> main.RedirectDemo.func1 (3 handlers)
[GIN-debug] DELETE /redirect                 --> main.RedirectDemo.func1 (3 handlers)
[GIN-debug] CONNECT /redirect                 --> main.RedirectDemo.func1 (3 handlers)
[GIN-debug] TRACE  /redirect                 --> main.RedirectDemo.func1 (3 handlers)
[GIN-debug] POST   /studentInfoJson          --> main.ParseJsonDemo.func1 (3 handlers)
[GIN-debug] POST   /upload                   --> main.UploadDemo (3 handlers)
[GIN-debug] POST   /upload/multiple          --> main.UploadMultipleDemo (3 handlers)
[GIN-debug] Listening and serving HTTP on localhost:8000
[GIN-debug] GET    /                         --> main.init.0.func1 (3 handlers)
[GIN-debug] Loaded HTML Templates (6): 
	- 
	- 404.html
	- gin.log
	- go.mod
	- go.sum
	- main.go

[GIN-debug] GET    /404                      --> main.PageNotFindDemo.func1 (3 handlers)
[GIN-debug] POST   /404                      --> main.PageNotFindDemo.func1 (3 handlers)
[GIN-debug] PUT    /404                      --> main.PageNotFindDemo.func1 (3 handlers)
[GIN-debug] PATCH  /404                      --> main.PageNotFindDemo.func1 (3 handlers)
[GIN-debug] HEAD   /404                      --> main.PageNotFindDemo.func1 (3 handlers)
[GIN-debug] OPTIONS /404                      --> main.PageNotFindDemo.func1 (3 handlers)
[GIN-debug] DELETE /404                      --> main.PageNotFindDemo.func1 (3 handlers)
[GIN-debug] CONNECT /404                      --> main.PageNotFindDemo.func1 (3 handlers)
[GIN-debug] TRACE  /404                      --> main.PageNotFindDemo.func1 (3 handlers)
[GIN-debug] GET    /user/:name/*action       --> main.ApiParameter.func1 (3 handlers)
[GIN-debug] GET    /welcome                  --> main.UrlParameter.func1 (3 handlers)
[GIN-debug] POST   /student                  --> main.FormParameter.func1 (3 handlers)
[GIN-debug] GET    /redirect                 --> main.RedirectDemo.func1 (3 handlers)
[GIN-debug] POST   /redirect                 --> main.RedirectDemo.func1 (3 handlers)
[GIN-debug] PUT    /redirect                 --> main.RedirectDemo.func1 (3 handlers)
[GIN-debug] PATCH  /redirect                 --> main.RedirectDemo.func1 (3 handlers)
[GIN-debug] HEAD   /redirect                 --> main.RedirectDemo.func1 (3 handlers)
[GIN-debug] OPTIONS /redirect                 --> main.RedirectDemo.func1 (3 handlers)
[GIN-debug] DELETE /redirect                 --> main.RedirectDemo.func1 (3 handlers)
[GIN-debug] CONNECT /redirect                 --> main.RedirectDemo.func1 (3 handlers)
[GIN-debug] TRACE  /redirect                 --> main.RedirectDemo.func1 (3 handlers)
[GIN-debug] POST   /studentInfoJson          --> main.ParseJsonDemo.func1 (3 handlers)
[GIN-debug] POST   /upload                   --> main.UploadDemo (3 handlers)
[GIN-debug] POST   /upload/multiple          --> main.UploadMultipleDemo (3 handlers)
[GIN-debug] Listening and serving HTTP on localhost:8000
[GIN-debug] GET    /                         --> main.init.0.func1 (3 handlers)
[GIN-debug] Loaded HTML Templates (6): 
	- go.sum
	- main.go
	- 
	- 404.html
	- gin.log
	- go.mod

[GIN-debug] GET    /404                      --> main.PageNotFindDemo.func1 (3 handlers)
[GIN-debug] POST   /404                      --> main.PageNotFindDemo.func1 (3 handlers)
[GIN-debug] PUT    /404                      --> main.PageNotFindDemo.func1 (3 handlers)
[GIN-debug] PATCH  /404                      --> main.PageNotFindDemo.func1 (3 handlers)
[GIN-debug] HEAD   /404                      --> main.PageNotFindDemo.func1 (3 handlers)
[GIN-debug] OPTIONS /404                      --> main.PageNotFindDemo.func1 (3 handlers)
[GIN-debug] DELETE /404                      --> main.PageNotFindDemo.func1 (3 handlers)
[GIN-debug] CONNECT /404                      --> main.PageNotFindDemo.func1 (3 handlers)
[GIN-debug] TRACE  /404                      --> main.PageNotFindDemo.func1 (3 handlers)
[GIN-debug] GET    /user/:name/*action       --> main.ApiParameter.func1 (3 handlers)
[GIN-debug] GET    /welcome                  --> main.UrlParameter.func1 (3 handlers)
[GIN-debug] POST   /student                  --> main.FormParameter.func1 (3 handlers)
[GIN-debug] GET    /redirect                 --> main.RedirectDemo.func1 (3 handlers)
[GIN-debug] POST   /redirect                 --> main.RedirectDemo.func1 (3 handlers)
[GIN-debug] PUT    /redirect                 --> main.RedirectDemo.func1 (3 handlers)
[GIN-debug] PATCH  /redirect                 --> main.RedirectDemo.func1 (3 handlers)
[GIN-debug] HEAD   /redirect                 --> main.RedirectDemo.func1 (3 handlers)
[GIN-debug] OPTIONS /redirect                 --> main.RedirectDemo.func1 (3 handlers)
[GIN-debug] DELETE /redirect                 --> main.RedirectDemo.func1 (3 handlers)
[GIN-debug] CONNECT /redirect                 --> main.RedirectDemo.func1 (3 handlers)
[GIN-debug] TRACE  /redirect                 --> main.RedirectDemo.func1 (3 handlers)
[GIN-debug] POST   /studentInfoJson          --> main.ParseJsonDemo.func1 (3 handlers)
[GIN-debug] POST   /upload                   --> main.UploadDemo (3 handlers)
[GIN-debug] POST   /upload/multiple          --> main.UploadMultipleDemo (3 handlers)
[GIN-debug] Listening and serving HTTP on localhost:8000
[GIN-debug] [WARNING] Headers were already written. Wanted to override status code 400 with 500
[GIN-debug] GET    /                         --> main.init.0.func1 (3 handlers)
[GIN-debug] Loaded HTML Templates (6): 
	- 
	- 404.html
	- gin.log
	- go.mod
	- go.sum
	- main.go

[GIN-debug] GET    /404                      --> main.PageNotFindDemo.func1 (3 handlers)
[GIN-debug] POST   /404                      --> main.PageNotFindDemo.func1 (3 handlers)
[GIN-debug] PUT    /404                      --> main.PageNotFindDemo.func1 (3 handlers)
[GIN-debug] PATCH  /404                      --> main.PageNotFindDemo.func1 (3 handlers)
[GIN-debug] HEAD   /404                      --> main.PageNotFindDemo.func1 (3 handlers)
[GIN-debug] OPTIONS /404                      --> main.PageNotFindDemo.func1 (3 handlers)
[GIN-debug] DELETE /404                      --> main.PageNotFindDemo.func1 (3 handlers)
[GIN-debug] CONNECT /404                      --> main.PageNotFindDemo.func1 (3 handlers)
[GIN-debug] TRACE  /404                      --> main.PageNotFindDemo.func1 (3 handlers)
[GIN-debug] GET    /user/:name/*action       --> main.ApiParameter.func1 (3 handlers)
[GIN-debug] GET    /welcome                  --> main.UrlParameter.func1 (3 handlers)
[GIN-debug] POST   /student                  --> main.FormParameter.func1 (3 handlers)
[GIN-debug] GET    /redirect                 --> main.RedirectDemo.func1 (3 handlers)
[GIN-debug] POST   /redirect                 --> main.RedirectDemo.func1 (3 handlers)
[GIN-debug] PUT    /redirect                 --> main.RedirectDemo.func1 (3 handlers)
[GIN-debug] PATCH  /redirect                 --> main.RedirectDemo.func1 (3 handlers)
[GIN-debug] HEAD   /redirect                 --> main.RedirectDemo.func1 (3 handlers)
[GIN-debug] OPTIONS /redirect                 --> main.RedirectDemo.func1 (3 handlers)
[GIN-debug] DELETE /redirect                 --> main.RedirectDemo.func1 (3 handlers)
[GIN-debug] CONNECT /redirect                 --> main.RedirectDemo.func1 (3 handlers)
[GIN-debug] TRACE  /redirect                 --> main.RedirectDemo.func1 (3 handlers)
[GIN-debug] POST   /studentInfoJson          --> main.ParseJsonDemo.func1 (3 handlers)
[GIN-debug] POST   /upload                   --> main.UploadDemo (3 handlers)
[GIN-debug] POST   /upload/multiple          --> main.UploadMultipleDemo (3 handlers)
[GIN-debug] Listening and serving HTTP on localhost:8000
[GIN-debug] GET    /                         --> main.init.0.func1 (3 handlers)
[GIN-debug] Loaded HTML Templates (6): 
	- main.go
	- 
	- 404.html
	- gin.log
	- go.mod
	- go.sum

[GIN-debug] GET    /404                      --> main.PageNotFindDemo.func1 (3 handlers)
[GIN-debug] POST   /404                      --> main.PageNotFindDemo.func1 (3 handlers)
[GIN-debug] PUT    /404                      --> main.PageNotFindDemo.func1 (3 handlers)
[GIN-debug] PATCH  /404                      --> main.PageNotFindDemo.func1 (3 handlers)
[GIN-debug] HEAD   /404                      --> main.PageNotFindDemo.func1 (3 handlers)
[GIN-debug] OPTIONS /404                      --> main.PageNotFindDemo.func1 (3 handlers)
[GIN-debug] DELETE /404                      --> main.PageNotFindDemo.func1 (3 handlers)
[GIN-debug] CONNECT /404                      --> main.PageNotFindDemo.func1 (3 handlers)
[GIN-debug] TRACE  /404                      --> main.PageNotFindDemo.func1 (3 handlers)
[GIN-debug] GET    /user/:name/*action       --> main.ApiParameter.func1 (3 handlers)
[GIN-debug] GET    /welcome                  --> main.UrlParameter.func1 (3 handlers)
[GIN-debug] POST   /student                  --> main.FormParameter.func1 (3 handlers)
[GIN-debug] GET    /redirect                 --> main.RedirectDemo.func1 (3 handlers)
[GIN-debug] POST   /redirect                 --> main.RedirectDemo.func1 (3 handlers)
[GIN-debug] PUT    /redirect                 --> main.RedirectDemo.func1 (3 handlers)
[GIN-debug] PATCH  /redirect                 --> main.RedirectDemo.func1 (3 handlers)
[GIN-debug] HEAD   /redirect                 --> main.RedirectDemo.func1 (3 handlers)
[GIN-debug] OPTIONS /redirect                 --> main.RedirectDemo.func1 (3 handlers)
[GIN-debug] DELETE /redirect                 --> main.RedirectDemo.func1 (3 handlers)
[GIN-debug] CONNECT /redirect                 --> main.RedirectDemo.func1 (3 handlers)
[GIN-debug] TRACE  /redirect                 --> main.RedirectDemo.func1 (3 handlers)
[GIN-debug] POST   /studentInfoJson          --> main.ParseJsonDemo.func1 (3 handlers)
[GIN-debug] POST   /upload                   --> main.UploadDemo (3 handlers)
[GIN-debug] POST   /upload/multiple          --> main.UploadMultipleDemo (3 handlers)
[GIN-debug] Listening and serving HTTP on localhost:8000
[GIN-debug] [WARNING] Headers were already written. Wanted to override status code 400 with 500
[GIN-debug] GET    /                         --> main.init.0.func1 (3 handlers)
[GIN-debug] Loaded HTML Templates (6): 
	- main.go
	- 
	- 404.html
	- gin.log
	- go.mod
	- go.sum

[GIN-debug] GET    /404                      --> main.PageNotFindDemo.func1 (3 handlers)
[GIN-debug] POST   /404                      --> main.PageNotFindDemo.func1 (3 handlers)
[GIN-debug] PUT    /404                      --> main.PageNotFindDemo.func1 (3 handlers)
[GIN-debug] PATCH  /404                      --> main.PageNotFindDemo.func1 (3 handlers)
[GIN-debug] HEAD   /404                      --> main.PageNotFindDemo.func1 (3 handlers)
[GIN-debug] OPTIONS /404                      --> main.PageNotFindDemo.func1 (3 handlers)
[GIN-debug] DELETE /404                      --> main.PageNotFindDemo.func1 (3 handlers)
[GIN-debug] CONNECT /404                      --> main.PageNotFindDemo.func1 (3 handlers)
[GIN-debug] TRACE  /404                      --> main.PageNotFindDemo.func1 (3 handlers)
[GIN-debug] GET    /user/:name/*action       --> main.ApiParameter.func1 (3 handlers)
[GIN-debug] GET    /welcome                  --> main.UrlParameter.func1 (3 handlers)
[GIN-debug] POST   /student                  --> main.FormParameter.func1 (3 handlers)
[GIN-debug] GET    /redirect                 --> main.RedirectDemo.func1 (3 handlers)
[GIN-debug] POST   /redirect                 --> main.RedirectDemo.func1 (3 handlers)
[GIN-debug] PUT    /redirect                 --> main.RedirectDemo.func1 (3 handlers)
[GIN-debug] PATCH  /redirect                 --> main.RedirectDemo.func1 (3 handlers)
[GIN-debug] HEAD   /redirect                 --> main.RedirectDemo.func1 (3 handlers)
[GIN-debug] OPTIONS /redirect                 --> main.RedirectDemo.func1 (3 handlers)
[GIN-debug] DELETE /redirect                 --> main.RedirectDemo.func1 (3 handlers)
[GIN-debug] CONNECT /redirect                 --> main.RedirectDemo.func1 (3 handlers)
[GIN-debug] TRACE  /redirect                 --> main.RedirectDemo.func1 (3 handlers)
[GIN-debug] POST   /studentInfoJson          --> main.ParseJsonDemo.func1 (3 handlers)
[GIN-debug] POST   /upload                   --> main.UploadDemo (3 handlers)
[GIN-debug] POST   /upload/multiple          --> main.UploadMultipleDemo (3 handlers)
[GIN-debug] Listening and serving HTTP on localhost:8000
[GIN-debug] [WARNING] Headers were already written. Wanted to override status code 400 with 500
[GIN-debug] [WARNING] Headers were already written. Wanted to override status code 400 with 500
[GIN-debug] GET    /                         --> main.init.0.func1 (3 handlers)
[GIN-debug] Loaded HTML Templates (6): 
	- main.go
	- 
	- 404.html
	- gin.log
	- go.mod
	- go.sum

[GIN-debug] GET    /404                      --> main.PageNotFindDemo.func1 (3 handlers)
[GIN-debug] POST   /404                      --> main.PageNotFindDemo.func1 (3 handlers)
[GIN-debug] PUT    /404                      --> main.PageNotFindDemo.func1 (3 handlers)
[GIN-debug] PATCH  /404                      --> main.PageNotFindDemo.func1 (3 handlers)
[GIN-debug] HEAD   /404                      --> main.PageNotFindDemo.func1 (3 handlers)
[GIN-debug] OPTIONS /404                      --> main.PageNotFindDemo.func1 (3 handlers)
[GIN-debug] DELETE /404                      --> main.PageNotFindDemo.func1 (3 handlers)
[GIN-debug] CONNECT /404                      --> main.PageNotFindDemo.func1 (3 handlers)
[GIN-debug] TRACE  /404                      --> main.PageNotFindDemo.func1 (3 handlers)
[GIN-debug] GET    /user/:name/*action       --> main.ApiParameter.func1 (3 handlers)
[GIN-debug] GET    /welcome                  --> main.UrlParameter.func1 (3 handlers)
[GIN-debug] POST   /student                  --> main.FormParameter.func1 (3 handlers)
[GIN-debug] GET    /redirect                 --> main.RedirectDemo.func1 (3 handlers)
[GIN-debug] POST   /redirect                 --> main.RedirectDemo.func1 (3 handlers)
[GIN-debug] PUT    /redirect                 --> main.RedirectDemo.func1 (3 handlers)
[GIN-debug] PATCH  /redirect                 --> main.RedirectDemo.func1 (3 handlers)
[GIN-debug] HEAD   /redirect                 --> main.RedirectDemo.func1 (3 handlers)
[GIN-debug] OPTIONS /redirect                 --> main.RedirectDemo.func1 (3 handlers)
[GIN-debug] DELETE /redirect                 --> main.RedirectDemo.func1 (3 handlers)
[GIN-debug] CONNECT /redirect                 --> main.RedirectDemo.func1 (3 handlers)
[GIN-debug] TRACE  /redirect                 --> main.RedirectDemo.func1 (3 handlers)
[GIN-debug] POST   /studentInfoJson          --> main.ParseJsonDemo.func1 (3 handlers)
[GIN-debug] POST   /upload                   --> main.UploadDemo (3 handlers)
[GIN-debug] POST   /upload/multiple          --> main.UploadMultipleDemo (3 handlers)
[GIN-debug] Listening and serving HTTP on localhost:8000
[GIN-debug] [WARNING] Headers were already written. Wanted to override status code 400 with 500
[GIN-debug] [WARNING] Headers were already written. Wanted to override status code 400 with 500
[GIN-debug] [WARNING] Headers were already written. Wanted to override status code 400 with 500
[GIN-debug] GET    /                         --> main.init.0.func1 (3 handlers)
[GIN-debug] Loaded HTML Templates (6): 
	- 
	- 404.html
	- gin.log
	- go.mod
	- go.sum
	- main.go

[GIN-debug] GET    /404                      --> main.PageNotFindDemo.func1 (3 handlers)
[GIN-debug] POST   /404                      --> main.PageNotFindDemo.func1 (3 handlers)
[GIN-debug] PUT    /404                      --> main.PageNotFindDemo.func1 (3 handlers)
[GIN-debug] PATCH  /404                      --> main.PageNotFindDemo.func1 (3 handlers)
[GIN-debug] HEAD   /404                      --> main.PageNotFindDemo.func1 (3 handlers)
[GIN-debug] OPTIONS /404                      --> main.PageNotFindDemo.func1 (3 handlers)
[GIN-debug] DELETE /404                      --> main.PageNotFindDemo.func1 (3 handlers)
[GIN-debug] CONNECT /404                      --> main.PageNotFindDemo.func1 (3 handlers)
[GIN-debug] TRACE  /404                      --> main.PageNotFindDemo.func1 (3 handlers)
[GIN-debug] GET    /user/:name/*action       --> main.ApiParameter.func1 (3 handlers)
[GIN-debug] GET    /welcome                  --> main.UrlParameter.func1 (3 handlers)
[GIN-debug] POST   /student                  --> main.FormParameter.func1 (3 handlers)
[GIN-debug] GET    /redirect                 --> main.RedirectDemo.func1 (3 handlers)
[GIN-debug] POST   /redirect                 --> main.RedirectDemo.func1 (3 handlers)
[GIN-debug] PUT    /redirect                 --> main.RedirectDemo.func1 (3 handlers)
[GIN-debug] PATCH  /redirect                 --> main.RedirectDemo.func1 (3 handlers)
[GIN-debug] HEAD   /redirect                 --> main.RedirectDemo.func1 (3 handlers)
[GIN-debug] OPTIONS /redirect                 --> main.RedirectDemo.func1 (3 handlers)
[GIN-debug] DELETE /redirect                 --> main.RedirectDemo.func1 (3 handlers)
[GIN-debug] CONNECT /redirect                 --> main.RedirectDemo.func1 (3 handlers)
[GIN-debug] TRACE  /redirect                 --> main.RedirectDemo.func1 (3 handlers)
[GIN-debug] POST   /studentInfoJson          --> main.ParseJsonDemo.func1 (3 handlers)
[GIN-debug] POST   /studentInfoJson2Struct   --> main.ParseJson2StructDemo.func1 (3 handlers)
[GIN-debug] POST   /upload                   --> main.UploadDemo (3 handlers)
[GIN-debug] POST   /upload/multiple          --> main.UploadMultipleDemo (3 handlers)
[GIN-debug] Listening and serving HTTP on localhost:8000
[GIN-debug] [WARNING] Headers were already written. Wanted to override status code 400 with 500
[GIN-debug] GET    /                         --> main.init.0.func1 (3 handlers)
[GIN-debug] Loaded HTML Templates (6): 
	- 404.html
	- gin.log
	- go.mod
	- go.sum
	- main.go
	- 

[GIN-debug] GET    /404                      --> main.PageNotFindDemo.func1 (3 handlers)
[GIN-debug] POST   /404                      --> main.PageNotFindDemo.func1 (3 handlers)
[GIN-debug] PUT    /404                      --> main.PageNotFindDemo.func1 (3 handlers)
[GIN-debug] PATCH  /404                      --> main.PageNotFindDemo.func1 (3 handlers)
[GIN-debug] HEAD   /404                      --> main.PageNotFindDemo.func1 (3 handlers)
[GIN-debug] OPTIONS /404                      --> main.PageNotFindDemo.func1 (3 handlers)
[GIN-debug] DELETE /404                      --> main.PageNotFindDemo.func1 (3 handlers)
[GIN-debug] CONNECT /404                      --> main.PageNotFindDemo.func1 (3 handlers)
[GIN-debug] TRACE  /404                      --> main.PageNotFindDemo.func1 (3 handlers)
[GIN-debug] GET    /user/:name/*action       --> main.ApiParameter.func1 (3 handlers)
[GIN-debug] GET    /welcome                  --> main.UrlParameter.func1 (3 handlers)
[GIN-debug] POST   /student                  --> main.FormParameter.func1 (3 handlers)
[GIN-debug] GET    /redirect                 --> main.RedirectDemo.func1 (3 handlers)
[GIN-debug] POST   /redirect                 --> main.RedirectDemo.func1 (3 handlers)
[GIN-debug] PUT    /redirect                 --> main.RedirectDemo.func1 (3 handlers)
[GIN-debug] PATCH  /redirect                 --> main.RedirectDemo.func1 (3 handlers)
[GIN-debug] HEAD   /redirect                 --> main.RedirectDemo.func1 (3 handlers)
[GIN-debug] OPTIONS /redirect                 --> main.RedirectDemo.func1 (3 handlers)
[GIN-debug] DELETE /redirect                 --> main.RedirectDemo.func1 (3 handlers)
[GIN-debug] CONNECT /redirect                 --> main.RedirectDemo.func1 (3 handlers)
[GIN-debug] TRACE  /redirect                 --> main.RedirectDemo.func1 (3 handlers)
[GIN-debug] POST   /studentInfoJson          --> main.ParseJsonDemo.func1 (3 handlers)
[GIN-debug] POST   /studentInfoJson2Struct   --> main.ParseJson2StructDemo.func1 (3 handlers)
[GIN-debug] POST   /upload                   --> main.UploadDemo (3 handlers)
[GIN-debug] POST   /upload/multiple          --> main.UploadMultipleDemo (3 handlers)
[GIN-debug] Listening and serving HTTP on localhost:8000
[GIN-debug] [WARNING] Headers were already written. Wanted to override status code 400 with 500
[GIN-debug] GET    /                         --> main.init.0.func1 (3 handlers)
[GIN-debug] Loaded HTML Templates (6): 
	- 404.html
	- gin.log
	- go.mod
	- go.sum
	- main.go
	- 

[GIN-debug] GET    /404                      --> main.PageNotFindDemo.func1 (3 handlers)
[GIN-debug] POST   /404                      --> main.PageNotFindDemo.func1 (3 handlers)
[GIN-debug] PUT    /404                      --> main.PageNotFindDemo.func1 (3 handlers)
[GIN-debug] PATCH  /404                      --> main.PageNotFindDemo.func1 (3 handlers)
[GIN-debug] HEAD   /404                      --> main.PageNotFindDemo.func1 (3 handlers)
[GIN-debug] OPTIONS /404                      --> main.PageNotFindDemo.func1 (3 handlers)
[GIN-debug] DELETE /404                      --> main.PageNotFindDemo.func1 (3 handlers)
[GIN-debug] CONNECT /404                      --> main.PageNotFindDemo.func1 (3 handlers)
[GIN-debug] TRACE  /404                      --> main.PageNotFindDemo.func1 (3 handlers)
[GIN-debug] GET    /user/:name/*action       --> main.ApiParameter.func1 (3 handlers)
[GIN-debug] GET    /welcome                  --> main.UrlParameter.func1 (3 handlers)
[GIN-debug] POST   /student                  --> main.FormParameter.func1 (3 handlers)
[GIN-debug] GET    /redirect                 --> main.RedirectDemo.func1 (3 handlers)
[GIN-debug] POST   /redirect                 --> main.RedirectDemo.func1 (3 handlers)
[GIN-debug] PUT    /redirect                 --> main.RedirectDemo.func1 (3 handlers)
[GIN-debug] PATCH  /redirect                 --> main.RedirectDemo.func1 (3 handlers)
[GIN-debug] HEAD   /redirect                 --> main.RedirectDemo.func1 (3 handlers)
[GIN-debug] OPTIONS /redirect                 --> main.RedirectDemo.func1 (3 handlers)
[GIN-debug] DELETE /redirect                 --> main.RedirectDemo.func1 (3 handlers)
[GIN-debug] CONNECT /redirect                 --> main.RedirectDemo.func1 (3 handlers)
[GIN-debug] TRACE  /redirect                 --> main.RedirectDemo.func1 (3 handlers)
[GIN-debug] POST   /studentInfoJson          --> main.ParseJsonDemo.func1 (3 handlers)
[GIN-debug] POST   /studentInfoJson2Struct   --> main.ParseJson2StructDemo.func1 (3 handlers)
[GIN-debug] POST   /upload                   --> main.UploadDemo (3 handlers)
[GIN-debug] POST   /upload/multiple          --> main.UploadMultipleDemo (3 handlers)
[GIN-debug] Listening and serving HTTP on localhost:8000
[GIN-debug] [WARNING] Headers were already written. Wanted to override status code 400 with 500
[GIN-debug] GET    /                         --> main.init.0.func1 (3 handlers)
[GIN-debug] Loaded HTML Templates (6): 
	- 
	- 404.html
	- gin.log
	- go.mod
	- go.sum
	- main.go

[GIN-debug] GET    /404                      --> main.PageNotFindDemo.func1 (3 handlers)
[GIN-debug] POST   /404                      --> main.PageNotFindDemo.func1 (3 handlers)
[GIN-debug] PUT    /404                      --> main.PageNotFindDemo.func1 (3 handlers)
[GIN-debug] PATCH  /404                      --> main.PageNotFindDemo.func1 (3 handlers)
[GIN-debug] HEAD   /404                      --> main.PageNotFindDemo.func1 (3 handlers)
[GIN-debug] OPTIONS /404                      --> main.PageNotFindDemo.func1 (3 handlers)
[GIN-debug] DELETE /404                      --> main.PageNotFindDemo.func1 (3 handlers)
[GIN-debug] CONNECT /404                      --> main.PageNotFindDemo.func1 (3 handlers)
[GIN-debug] TRACE  /404                      --> main.PageNotFindDemo.func1 (3 handlers)
[GIN-debug] GET    /user/:name/*action       --> main.ApiParameter.func1 (3 handlers)
[GIN-debug] GET    /welcome                  --> main.UrlParameter.func1 (3 handlers)
[GIN-debug] POST   /student                  --> main.FormParameter.func1 (3 handlers)
[GIN-debug] GET    /redirect                 --> main.RedirectDemo.func1 (3 handlers)
[GIN-debug] POST   /redirect                 --> main.RedirectDemo.func1 (3 handlers)
[GIN-debug] PUT    /redirect                 --> main.RedirectDemo.func1 (3 handlers)
[GIN-debug] PATCH  /redirect                 --> main.RedirectDemo.func1 (3 handlers)
[GIN-debug] HEAD   /redirect                 --> main.RedirectDemo.func1 (3 handlers)
[GIN-debug] OPTIONS /redirect                 --> main.RedirectDemo.func1 (3 handlers)
[GIN-debug] DELETE /redirect                 --> main.RedirectDemo.func1 (3 handlers)
[GIN-debug] CONNECT /redirect                 --> main.RedirectDemo.func1 (3 handlers)
[GIN-debug] TRACE  /redirect                 --> main.RedirectDemo.func1 (3 handlers)
[GIN-debug] POST   /studentInfoJson          --> main.ParseJsonDemo.func1 (3 handlers)
[GIN-debug] POST   /studentInfoJson2Struct   --> main.ParseJson2StructDemo.func1 (3 handlers)
[GIN-debug] POST   /upload                   --> main.UploadDemo (3 handlers)
[GIN-debug] POST   /upload/multiple          --> main.UploadMultipleDemo (3 handlers)
[GIN-debug] Listening and serving HTTP on localhost:8000
[GIN-debug] GET    /                         --> main.init.0.func1 (3 handlers)
[GIN-debug] Loaded HTML Templates (6): 
	- 
	- 404.html
	- gin.log
	- go.mod
	- go.sum
	- main.go

[GIN-debug] GET    /404                      --> main.PageNotFindDemo.func1 (3 handlers)
[GIN-debug] POST   /404                      --> main.PageNotFindDemo.func1 (3 handlers)
[GIN-debug] PUT    /404                      --> main.PageNotFindDemo.func1 (3 handlers)
[GIN-debug] PATCH  /404                      --> main.PageNotFindDemo.func1 (3 handlers)
[GIN-debug] HEAD   /404                      --> main.PageNotFindDemo.func1 (3 handlers)
[GIN-debug] OPTIONS /404                      --> main.PageNotFindDemo.func1 (3 handlers)
[GIN-debug] DELETE /404                      --> main.PageNotFindDemo.func1 (3 handlers)
[GIN-debug] CONNECT /404                      --> main.PageNotFindDemo.func1 (3 handlers)
[GIN-debug] TRACE  /404                      --> main.PageNotFindDemo.func1 (3 handlers)
[GIN-debug] GET    /user/:name/*action       --> main.ApiParameter.func1 (3 handlers)
[GIN-debug] GET    /welcome                  --> main.UrlParameter.func1 (3 handlers)
[GIN-debug] POST   /student                  --> main.FormParameter.func1 (3 handlers)
[GIN-debug] GET    /redirect                 --> main.RedirectDemo.func1 (3 handlers)
[GIN-debug] POST   /redirect                 --> main.RedirectDemo.func1 (3 handlers)
[GIN-debug] PUT    /redirect                 --> main.RedirectDemo.func1 (3 handlers)
[GIN-debug] PATCH  /redirect                 --> main.RedirectDemo.func1 (3 handlers)
[GIN-debug] HEAD   /redirect                 --> main.RedirectDemo.func1 (3 handlers)
[GIN-debug] OPTIONS /redirect                 --> main.RedirectDemo.func1 (3 handlers)
[GIN-debug] DELETE /redirect                 --> main.RedirectDemo.func1 (3 handlers)
[GIN-debug] CONNECT /redirect                 --> main.RedirectDemo.func1 (3 handlers)
[GIN-debug] TRACE  /redirect                 --> main.RedirectDemo.func1 (3 handlers)
[GIN-debug] POST   /studentInfoJson          --> main.ParseJsonDemo.func1 (3 handlers)
[GIN-debug] POST   /studentInfoJson2Struct   --> main.ParseJson2StructDemo.func1 (3 handlers)
[GIN-debug] POST   /upload                   --> main.UploadDemo (3 handlers)
[GIN-debug] POST   /upload/multiple          --> main.UploadMultipleDemo (3 handlers)
[GIN-debug] Listening and serving HTTP on localhost:8000
[GIN-debug] GET    /                         --> main.init.0.func1 (3 handlers)
[GIN-debug] Loaded HTML Templates (6): 
	- 404.html
	- gin.log
	- go.mod
	- go.sum
	- main.go
	- 

[GIN-debug] GET    /404                      --> main.PageNotFindDemo.func1 (3 handlers)
[GIN-debug] POST   /404                      --> main.PageNotFindDemo.func1 (3 handlers)
[GIN-debug] PUT    /404                      --> main.PageNotFindDemo.func1 (3 handlers)
[GIN-debug] PATCH  /404                      --> main.PageNotFindDemo.func1 (3 handlers)
[GIN-debug] HEAD   /404                      --> main.PageNotFindDemo.func1 (3 handlers)
[GIN-debug] OPTIONS /404                      --> main.PageNotFindDemo.func1 (3 handlers)
[GIN-debug] DELETE /404                      --> main.PageNotFindDemo.func1 (3 handlers)
[GIN-debug] CONNECT /404                      --> main.PageNotFindDemo.func1 (3 handlers)
[GIN-debug] TRACE  /404                      --> main.PageNotFindDemo.func1 (3 handlers)
[GIN-debug] GET    /user/:name/*action       --> main.ApiParameter.func1 (3 handlers)
[GIN-debug] GET    /welcome                  --> main.UrlParameter.func1 (3 handlers)
[GIN-debug] POST   /student                  --> main.FormParameter.func1 (3 handlers)
[GIN-debug] GET    /redirect                 --> main.RedirectDemo.func1 (3 handlers)
[GIN-debug] POST   /redirect                 --> main.RedirectDemo.func1 (3 handlers)
[GIN-debug] PUT    /redirect                 --> main.RedirectDemo.func1 (3 handlers)
[GIN-debug] PATCH  /redirect                 --> main.RedirectDemo.func1 (3 handlers)
[GIN-debug] HEAD   /redirect                 --> main.RedirectDemo.func1 (3 handlers)
[GIN-debug] OPTIONS /redirect                 --> main.RedirectDemo.func1 (3 handlers)
[GIN-debug] DELETE /redirect                 --> main.RedirectDemo.func1 (3 handlers)
[GIN-debug] CONNECT /redirect                 --> main.RedirectDemo.func1 (3 handlers)
[GIN-debug] TRACE  /redirect                 --> main.RedirectDemo.func1 (3 handlers)
[GIN-debug] POST   /studentInfoJson          --> main.ParseJsonDemo.func1 (3 handlers)
[GIN-debug] POST   /studentInfoJson2Struct   --> main.ParseJson2StructDemo.func1 (3 handlers)
[GIN-debug] POST   /upload                   --> main.UploadDemo (3 handlers)
[GIN-debug] POST   /upload/multiple          --> main.UploadMultipleDemo (3 handlers)
[GIN-debug] Listening and serving HTTP on localhost:8000
[GIN-debug] GET    /                         --> main.init.0.func1 (3 handlers)
[GIN-debug] Loaded HTML Templates (6): 
	- go.sum
	- main.go
	- 
	- 404.html
	- gin.log
	- go.mod

[GIN-debug] GET    /404                      --> main.PageNotFindDemo.func1 (3 handlers)
[GIN-debug] POST   /404                      --> main.PageNotFindDemo.func1 (3 handlers)
[GIN-debug] PUT    /404                      --> main.PageNotFindDemo.func1 (3 handlers)
[GIN-debug] PATCH  /404                      --> main.PageNotFindDemo.func1 (3 handlers)
[GIN-debug] HEAD   /404                      --> main.PageNotFindDemo.func1 (3 handlers)
[GIN-debug] OPTIONS /404                      --> main.PageNotFindDemo.func1 (3 handlers)
[GIN-debug] DELETE /404                      --> main.PageNotFindDemo.func1 (3 handlers)
[GIN-debug] CONNECT /404                      --> main.PageNotFindDemo.func1 (3 handlers)
[GIN-debug] TRACE  /404                      --> main.PageNotFindDemo.func1 (3 handlers)
[GIN-debug] GET    /user/:name/*action       --> main.ApiParameter.func1 (3 handlers)
[GIN-debug] GET    /welcome                  --> main.UrlParameter.func1 (3 handlers)
[GIN-debug] POST   /student                  --> main.FormParameter.func1 (3 handlers)
[GIN-debug] GET    /redirect                 --> main.RedirectDemo.func1 (3 handlers)
[GIN-debug] POST   /redirect                 --> main.RedirectDemo.func1 (3 handlers)
[GIN-debug] PUT    /redirect                 --> main.RedirectDemo.func1 (3 handlers)
[GIN-debug] PATCH  /redirect                 --> main.RedirectDemo.func1 (3 handlers)
[GIN-debug] HEAD   /redirect                 --> main.RedirectDemo.func1 (3 handlers)
[GIN-debug] OPTIONS /redirect                 --> main.RedirectDemo.func1 (3 handlers)
[GIN-debug] DELETE /redirect                 --> main.RedirectDemo.func1 (3 handlers)
[GIN-debug] CONNECT /redirect                 --> main.RedirectDemo.func1 (3 handlers)
[GIN-debug] TRACE  /redirect                 --> main.RedirectDemo.func1 (3 handlers)
[GIN-debug] POST   /studentInfoJson          --> main.ParseJsonDemo.func1 (3 handlers)
[GIN-debug] POST   /studentInfoJson2Struct   --> main.ParseJson2StructDemo.func1 (3 handlers)
[GIN-debug] POST   /upload                   --> main.UploadDemo (3 handlers)
[GIN-debug] POST   /upload/multiple          --> main.UploadMultipleDemo (3 handlers)
[GIN-debug] Listening and serving HTTP on localhost:8000
[GIN-debug] [WARNING] Headers were already written. Wanted to override status code 400 with 500
[GIN-debug] [WARNING] Headers were already written. Wanted to override status code 400 with 500
[GIN-debug] GET    /                         --> main.init.0.func2 (2 handlers)
[GIN-debug] Loaded HTML Templates (6): 
	- go.mod
	- go.sum
	- main.go
	- 
	- 404.html
	- gin.log

[GIN-debug] GET    /404                      --> main.PageNotFindDemo.func1 (2 handlers)
[GIN-debug] POST   /404                      --> main.PageNotFindDemo.func1 (2 handlers)
[GIN-debug] PUT    /404                      --> main.PageNotFindDemo.func1 (2 handlers)
[GIN-debug] PATCH  /404                      --> main.PageNotFindDemo.func1 (2 handlers)
[GIN-debug] HEAD   /404                      --> main.PageNotFindDemo.func1 (2 handlers)
[GIN-debug] OPTIONS /404                      --> main.PageNotFindDemo.func1 (2 handlers)
[GIN-debug] DELETE /404                      --> main.PageNotFindDemo.func1 (2 handlers)
[GIN-debug] CONNECT /404                      --> main.PageNotFindDemo.func1 (2 handlers)
[GIN-debug] TRACE  /404                      --> main.PageNotFindDemo.func1 (2 handlers)
[GIN-debug] GET    /user/:name/*action       --> main.ApiParameter.func1 (2 handlers)
[GIN-debug] GET    /welcome                  --> main.UrlParameter.func1 (2 handlers)
[GIN-debug] POST   /student                  --> main.FormParameter.func1 (2 handlers)
[GIN-debug] GET    /redirect                 --> main.RedirectDemo.func1 (2 handlers)
[GIN-debug] POST   /redirect                 --> main.RedirectDemo.func1 (2 handlers)
[GIN-debug] PUT    /redirect                 --> main.RedirectDemo.func1 (2 handlers)
[GIN-debug] PATCH  /redirect                 --> main.RedirectDemo.func1 (2 handlers)
[GIN-debug] HEAD   /redirect                 --> main.RedirectDemo.func1 (2 handlers)
[GIN-debug] OPTIONS /redirect                 --> main.RedirectDemo.func1 (2 handlers)
[GIN-debug] DELETE /redirect                 --> main.RedirectDemo.func1 (2 handlers)
[GIN-debug] CONNECT /redirect                 --> main.RedirectDemo.func1 (2 handlers)
[GIN-debug] TRACE  /redirect                 --> main.RedirectDemo.func1 (2 handlers)
[GIN-debug] POST   /studentInfoJson          --> main.ParseJsonDemo.func1 (2 handlers)
[GIN-debug] POST   /studentInfoJson2Struct   --> main.ParseJson2StructDemo.func1 (2 handlers)
[GIN-debug] POST   /upload                   --> main.UploadDemo (2 handlers)
[GIN-debug] POST   /upload/multiple          --> main.UploadMultipleDemo (2 handlers)
[GIN-debug] Listening and serving HTTP on localhost:8000
[GIN-debug] [WARNING] Headers were already written. Wanted to override status code 400 with 500
127.0.0.1 - [Tue, 09 Nov 2021 13:23:58 CST] "POST /studentInfoJson2Struct HTTP/1.1 500 548µs "PostmanRuntime/7.26.8" "
127.0.0.1 - [Tue, 09 Nov 2021 13:24:00 CST] "POST /studentInfoJson HTTP/1.1 200 646.7µs "PostmanRuntime/7.26.8" "
